<?xml version="1.0" encoding="UTF-8"?>
<!-- Generated by org.testng.reporters.JUnitReportReporter -->
<testsuite hostname="LAPTOP-LIPV6VKP" failures="0" tests="4" name="com.testng.practiceTest" time="0.043" errors="0" timestamp="2024-01-31T12:48:48 IST" skipped="0">
  <testcase classname="com.testng.practiceTest" name="sumof3" time="0.001"/>
  <system-out/>
  <testcase classname="com.testng.practiceTest" name="productof3" time="0.001"/>
  <system-out/>
  <testcase classname="com.testng.practiceTest" name="productof2" time="0.037"/>
  <system-out/>
  <testcase classname="com.testng.practiceTest" name="sumof2" time="0.004"/>
  <system-out/>
</testsuite> <!-- com.testng.practiceTest -->
