<?xml version="1.0" encoding="UTF-8"?>
<!-- Generated by org.testng.reporters.JUnitReportReporter -->
<testsuite hostname="LAPTOP-LIPV6VKP" failures="0" tests="1" name="com.orangehrm.orangeLoginTest" time="14.291" errors="0" timestamp="2024-01-31T11:12:17 IST" skipped="0">
  <testcase classname="com.orangehrm.orangeLoginTest" name="method1" time="14.291"/>
  <system-out/>
</testsuite> <!-- com.orangehrm.orangeLoginTest -->
